<?xml version="1.0" encoding="UTF-8"?>
<testsuite name="com.example.demo.KotlinSpringWebsocketProtobufApplicationTests" tests="1" skipped="0" failures="0" errors="0" timestamp="2022-09-16T04:19:01" hostname="hwangjong-in-ui-MacBookPro.local" time="0.386">
  <properties/>
  <testcase name="contextLoads()" classname="com.example.demo.KotlinSpringWebsocketProtobufApplicationTests" time="0.386"/>
  <system-out><![CDATA[13:18:52.350 [Test worker] DEBUG org.springframework.test.context.BootstrapUtils - Instantiating CacheAwareContextLoaderDelegate from class [org.springframework.test.context.cache.DefaultCacheAwareContextLoaderDelegate]
13:18:52.369 [Test worker] DEBUG org.springframework.test.context.BootstrapUtils - Instantiating BootstrapContext using constructor [public org.springframework.test.context.support.DefaultBootstrapContext(java.lang.Class,org.springframework.test.context.CacheAwareContextLoaderDelegate)]
13:18:52.431 [Test worker] DEBUG org.springframework.test.context.BootstrapUtils - Instantiating TestContextBootstrapper for test class [com.example.demo.KotlinSpringWebsocketProtobufApplicationTests] from class [org.springframework.boot.test.context.SpringBootTestContextBootstrapper]
13:18:52.453 [Test worker] INFO org.springframework.boot.test.context.SpringBootTestContextBootstrapper - Neither @ContextConfiguration nor @ContextHierarchy found for test class [com.example.demo.KotlinSpringWebsocketProtobufApplicationTests], using SpringBootContextLoader
13:18:52.459 [Test worker] DEBUG org.springframework.test.context.support.AbstractContextLoader - Did not detect default resource location for test class [com.example.demo.KotlinSpringWebsocketProtobufApplicationTests]: class path resource [com/example/demo/KotlinSpringWebsocketProtobufApplicationTests-context.xml] does not exist
13:18:52.460 [Test worker] DEBUG org.springframework.test.context.support.AbstractContextLoader - Did not detect default resource location for test class [com.example.demo.KotlinSpringWebsocketProtobufApplicationTests]: class path resource [com/example/demo/KotlinSpringWebsocketProtobufApplicationTestsContext.groovy] does not exist
13:18:52.460 [Test worker] INFO org.springframework.test.context.support.AbstractContextLoader - Could not detect default resource locations for test class [com.example.demo.KotlinSpringWebsocketProtobufApplicationTests]: no resource found for suffixes {-context.xml, Context.groovy}.
13:18:52.461 [Test worker] INFO org.springframework.test.context.support.AnnotationConfigContextLoaderUtils - Could not detect default configuration classes for test class [com.example.demo.KotlinSpringWebsocketProtobufApplicationTests]: KotlinSpringWebsocketProtobufApplicationTests does not declare any static, non-private, non-final, nested classes annotated with @Configuration.
13:18:52.532 [Test worker] DEBUG org.springframework.test.context.support.ActiveProfilesUtils - Could not find an 'annotation declaring class' for annotation type [org.springframework.test.context.ActiveProfiles] and class [com.example.demo.KotlinSpringWebsocketProtobufApplicationTests]
13:18:52.630 [Test worker] DEBUG org.springframework.context.annotation.ClassPathScanningCandidateComponentProvider - Identified candidate component class: file [/Users/hwangjong-in/Documents/GitHub/kotlin-spring-websocket-protobuf/build/classes/kotlin/main/com/example/demo/KotlinSpringWebsocketProtobufApplication.class]
13:18:52.639 [Test worker] INFO org.springframework.boot.test.context.SpringBootTestContextBootstrapper - Found @SpringBootConfiguration com.example.demo.KotlinSpringWebsocketProtobufApplication for test class com.example.demo.KotlinSpringWebsocketProtobufApplicationTests
13:18:52.766 [Test worker] DEBUG org.springframework.boot.test.context.SpringBootTestContextBootstrapper - @TestExecutionListeners is not present for class [com.example.demo.KotlinSpringWebsocketProtobufApplicationTests]: using defaults.
13:18:52.767 [Test worker] INFO org.springframework.boot.test.context.SpringBootTestContextBootstrapper - Loaded default TestExecutionListener class names from location [META-INF/spring.factories]: [org.springframework.boot.test.autoconfigure.restdocs.RestDocsTestExecutionListener, org.springframework.boot.test.autoconfigure.web.client.MockRestServiceServerResetTestExecutionListener, org.springframework.boot.test.autoconfigure.web.servlet.MockMvcPrintOnlyOnFailureTestExecutionListener, org.springframework.boot.test.autoconfigure.web.servlet.WebDriverTestExecutionListener, org.springframework.boot.test.autoconfigure.webservices.client.MockWebServiceServerTestExecutionListener, org.springframework.boot.test.mock.mockito.MockitoTestExecutionListener, org.springframework.boot.test.mock.mockito.ResetMocksTestExecutionListener, org.springframework.test.context.web.ServletTestExecutionListener, org.springframework.test.context.support.DirtiesContextBeforeModesTestExecutionListener, org.springframework.test.context.event.ApplicationEventsTestExecutionListener, org.springframework.test.context.support.DependencyInjectionTestExecutionListener, org.springframework.test.context.support.DirtiesContextTestExecutionListener, org.springframework.test.context.transaction.TransactionalTestExecutionListener, org.springframework.test.context.jdbc.SqlScriptsTestExecutionListener, org.springframework.test.context.event.EventPublishingTestExecutionListener]
13:18:52.780 [Test worker] DEBUG org.springframework.boot.test.context.SpringBootTestContextBootstrapper - Skipping candidate TestExecutionListener [org.springframework.test.context.transaction.TransactionalTestExecutionListener] due to a missing dependency. Specify custom listener classes or make the default listener classes and their required dependencies available. Offending class: [org/springframework/transaction/TransactionDefinition]
13:18:52.782 [Test worker] DEBUG org.springframework.boot.test.context.SpringBootTestContextBootstrapper - Skipping candidate TestExecutionListener [org.springframework.test.context.jdbc.SqlScriptsTestExecutionListener] due to a missing dependency. Specify custom listener classes or make the default listener classes and their required dependencies available. Offending class: [org/springframework/transaction/interceptor/TransactionAttribute]
13:18:52.782 [Test worker] INFO org.springframework.boot.test.context.SpringBootTestContextBootstrapper - Using TestExecutionListeners: [org.springframework.test.context.web.ServletTestExecutionListener@70eecdc2, org.springframework.test.context.support.DirtiesContextBeforeModesTestExecutionListener@c41709a, org.springframework.test.context.event.ApplicationEventsTestExecutionListener@7db0565c, org.springframework.boot.test.mock.mockito.MockitoTestExecutionListener@54ec8cc9, org.springframework.boot.test.autoconfigure.SpringBootDependencyInjectionTestExecutionListener@52eacb4b, org.springframework.test.context.support.DirtiesContextTestExecutionListener@5528a42c, org.springframework.test.context.event.EventPublishingTestExecutionListener@2a551a63, org.springframework.boot.test.autoconfigure.restdocs.RestDocsTestExecutionListener@1a6f5124, org.springframework.boot.test.autoconfigure.web.client.MockRestServiceServerResetTestExecutionListener@1edb61b1, org.springframework.boot.test.autoconfigure.web.servlet.MockMvcPrintOnlyOnFailureTestExecutionListener@ec2bf82, org.springframework.boot.test.autoconfigure.web.servlet.WebDriverTestExecutionListener@cc62a3b, org.springframework.boot.test.autoconfigure.webservices.client.MockWebServiceServerTestExecutionListener@6cc0bcf6, org.springframework.boot.test.mock.mockito.ResetMocksTestExecutionListener@29539e36]
13:18:52.789 [Test worker] DEBUG org.springframework.test.context.support.AbstractDirtiesContextTestExecutionListener - Before test class: context [DefaultTestContext@1fc793c2 testClass = KotlinSpringWebsocketProtobufApplicationTests, testInstance = [null], testMethod = [null], testException = [null], mergedContextConfiguration = [WebMergedContextConfiguration@2575f671 testClass = KotlinSpringWebsocketProtobufApplicationTests, locations = '{}', classes = '{class com.example.demo.KotlinSpringWebsocketProtobufApplication}', contextInitializerClasses = '[]', activeProfiles = '{}', propertySourceLocations = '{}', propertySourceProperties = '{org.springframework.boot.test.context.SpringBootTestContextBootstrapper=true}', contextCustomizers = set[org.springframework.boot.test.autoconfigure.actuate.metrics.MetricsExportContextCustomizerFactory$DisableMetricExportContextCustomizer@1a7288a3, org.springframework.boot.test.autoconfigure.properties.PropertyMappingContextCustomizer@0, org.springframework.boot.test.autoconfigure.web.servlet.WebDriverContextCustomizerFactory$Customizer@a5bd950, org.springframework.boot.test.context.filter.ExcludeFilterContextCustomizer@2bd2b28e, org.springframework.boot.test.json.DuplicateJsonObjectContextCustomizerFactory$DuplicateJsonObjectContextCustomizer@674658f7, org.springframework.boot.test.mock.mockito.MockitoContextCustomizer@0, org.springframework.boot.test.web.client.TestRestTemplateContextCustomizer@2fc0cc3, org.springframework.boot.test.context.SpringBootTestArgs@1, org.springframework.boot.test.context.SpringBootTestWebEnvironment@53f3bdbd], resourceBasePath = 'src/main/webapp', contextLoader = 'org.springframework.boot.test.context.SpringBootContextLoader', parent = [null]], attributes = map['org.springframework.test.context.web.ServletTestExecutionListener.activateListener' -> true]], class annotated with @DirtiesContext [false] with mode [null].

  .   ____          _            __ _ _
 /\\ / ___'_ __ _ _(_)_ __  __ _ \ \ \ \
( ( )\___ | '_ | '_| | '_ \/ _` | \ \ \ \
 \\/  ___)| |_)| | | | | || (_| |  ) ) ) )
  '  |____| .__|_| |_|_| |_\__, | / / / /
 =========|_|==============|___/=/_/_/_/
 :: Spring Boot ::                (v2.7.3)

2022-09-16 13:18:58.397  INFO 88488 --- [    Test worker] nSpringWebsocketProtobufApplicationTests : Starting KotlinSpringWebsocketProtobufApplicationTests using Java 11.0.15 on hwangjong-in-ui-MacBookPro.local with PID 88488 (started by hwangjong-in in /Users/hwangjong-in/Documents/GitHub/kotlin-spring-websocket-protobuf)
2022-09-16 13:18:58.400  INFO 88488 --- [    Test worker] nSpringWebsocketProtobufApplicationTests : No active profile set, falling back to 1 default profile: "default"
2022-09-16 13:19:01.293  INFO 88488 --- [    Test worker] o.s.b.a.w.s.WelcomePageHandlerMapping    : Adding welcome page: class path resource [static/index.html]
2022-09-16 13:19:01.854  INFO 88488 --- [    Test worker] nSpringWebsocketProtobufApplicationTests : Started KotlinSpringWebsocketProtobufApplicationTests in 8.955 seconds (JVM running for 10.809)
123123
]]></system-out>
  <system-err><![CDATA[]]></system-err>
</testsuite>
